<?xml version="1.0" encoding="UTF-8"?>
<coverage generated="1497755774344" clover="3.2.0">
  <project timestamp="1497755774344" name="All files">
    <metrics statements="172" coveredstatements="145" conditionals="85" coveredconditionals="68" methods="44" coveredmethods="33" elements="301" coveredelements="246" complexity="0" loc="172" ncloc="172" packages="1" files="1" classes="1">
      <file name="index.js" path="/home/ubuntu/project1_frontend/src/reducers/index.js">
        <metrics statements="172" coveredstatements="145" conditionals="85" coveredconditionals="68" methods="44" coveredmethods="33"/>
        <line num="26" count="1" type="stmt"/>
        <line num="27" count="1" type="stmt"/>
        <line num="32" count="1" type="stmt"/>
        <line num="34" count="1" type="cond" truecount="1" falsecount="0"/>
        <line num="35" count="4" type="cond" truecount="2" falsecount="0"/>
        <line num="37" count="1" type="stmt"/>
        <line num="42" count="3" type="stmt"/>
        <line num="48" count="1" type="stmt"/>
        <line num="49" count="1" type="stmt"/>
        <line num="53" count="1" type="stmt"/>
        <line num="54" count="1" type="cond" truecount="1" falsecount="0"/>
        <line num="55" count="4" type="cond" truecount="2" falsecount="0"/>
        <line num="57" count="1" type="stmt"/>
        <line num="58" count="1" type="stmt"/>
        <line num="64" count="3" type="stmt"/>
        <line num="71" count="1" type="stmt"/>
        <line num="72" count="1" type="stmt"/>
        <line num="77" count="1" type="stmt"/>
        <line num="79" count="1" type="cond" truecount="1" falsecount="0"/>
        <line num="80" count="4" type="cond" truecount="2" falsecount="0"/>
        <line num="82" count="1" type="stmt"/>
        <line num="87" count="3" type="stmt"/>
        <line num="92" count="1" type="stmt"/>
        <line num="93" count="1" type="stmt"/>
        <line num="97" count="1" type="stmt"/>
        <line num="98" count="1" type="cond" truecount="1" falsecount="0"/>
        <line num="99" count="4" type="cond" truecount="2" falsecount="0"/>
        <line num="101" count="1" type="stmt"/>
        <line num="102" count="1" type="stmt"/>
        <line num="107" count="3" type="stmt"/>
        <line num="112" count="1" type="stmt"/>
        <line num="113" count="1" type="stmt"/>
        <line num="119" count="1" type="stmt"/>
        <line num="121" count="1" type="cond" truecount="1" falsecount="0"/>
        <line num="122" count="5" type="cond" truecount="3" falsecount="0"/>
        <line num="124" count="1" type="stmt"/>
        <line num="129" count="1" type="stmt"/>
        <line num="134" count="3" type="stmt"/>
        <line num="139" count="1" type="stmt"/>
        <line num="140" count="1" type="stmt"/>
        <line num="151" count="1" type="stmt"/>
        <line num="153" count="1" type="cond" truecount="1" falsecount="0"/>
        <line num="154" count="4" type="cond" truecount="2" falsecount="0"/>
        <line num="156" count="1" type="stmt"/>
        <line num="168" count="3" type="stmt"/>
        <line num="191" count="1" type="stmt"/>
        <line num="192" count="1" type="stmt"/>
        <line num="197" count="1" type="stmt"/>
        <line num="199" count="1" type="cond" truecount="1" falsecount="0"/>
        <line num="200" count="4" type="cond" truecount="2" falsecount="0"/>
        <line num="202" count="1" type="stmt"/>
        <line num="207" count="3" type="stmt"/>
        <line num="213" count="1" type="stmt"/>
        <line num="214" count="1" type="stmt"/>
        <line num="219" count="1" type="stmt"/>
        <line num="221" count="1" type="cond" truecount="1" falsecount="0"/>
        <line num="222" count="4" type="cond" truecount="2" falsecount="0"/>
        <line num="224" count="1" type="stmt"/>
        <line num="229" count="3" type="stmt"/>
        <line num="235" count="1" type="stmt"/>
        <line num="236" count="1" type="stmt"/>
        <line num="241" count="1" type="stmt"/>
        <line num="243" count="1" type="cond" truecount="1" falsecount="0"/>
        <line num="244" count="4" type="cond" truecount="2" falsecount="0"/>
        <line num="246" count="1" type="stmt"/>
        <line num="251" count="3" type="stmt"/>
        <line num="256" count="1" type="stmt"/>
        <line num="257" count="1" type="stmt"/>
        <line num="269" count="1" type="stmt"/>
        <line num="271" count="1" type="stmt"/>
        <line num="272" count="1" type="stmt"/>
        <line num="294" count="1" type="stmt"/>
        <line num="298" count="1" type="stmt"/>
        <line num="301" count="0" type="cond" truecount="0" falsecount="2"/>
        <line num="302" count="0" type="stmt"/>
        <line num="304" count="0" type="stmt"/>
        <line num="311" count="1" type="stmt"/>
        <line num="313" count="0" type="cond" truecount="0" falsecount="2"/>
        <line num="314" count="0" type="stmt"/>
        <line num="316" count="0" type="stmt"/>
        <line num="322" count="1" type="stmt"/>
        <line num="323" count="0" type="cond" truecount="0" falsecount="2"/>
        <line num="324" count="0" type="stmt"/>
        <line num="326" count="0" type="stmt"/>
        <line num="331" count="1" type="stmt"/>
        <line num="332" count="0" type="cond" truecount="0" falsecount="2"/>
        <line num="333" count="0" type="stmt"/>
        <line num="335" count="0" type="stmt"/>
        <line num="338" count="0" type="stmt"/>
        <line num="341" count="1" type="stmt"/>
        <line num="342" count="0" type="cond" truecount="0" falsecount="2"/>
        <line num="343" count="0" type="stmt"/>
        <line num="345" count="0" type="stmt"/>
        <line num="347" count="1" type="cond" truecount="1" falsecount="0"/>
        <line num="348" count="6" type="cond" truecount="4" falsecount="3"/>
        <line num="350" count="1" type="stmt"/>
        <line num="355" count="1" type="stmt"/>
        <line num="360" count="1" type="stmt"/>
        <line num="361" count="1" type="stmt"/>
        <line num="366" count="0" type="stmt"/>
        <line num="369" count="0" type="stmt"/>
        <line num="372" count="0" type="cond" truecount="0" falsecount="2"/>
        <line num="373" count="0" type="stmt"/>
        <line num="376" count="0" type="stmt"/>
        <line num="378" count="0" type="stmt"/>
        <line num="381" count="0" type="stmt"/>
        <line num="384" count="0" type="stmt"/>
        <line num="387" count="0" type="stmt"/>
        <line num="391" count="3" type="stmt"/>
        <line num="395" count="1" type="cond" truecount="0" falsecount="1"/>
        <line num="396" count="0" type="cond" truecount="0" falsecount="1"/>
        <line num="398" count="0" type="stmt"/>
        <line num="406" count="1" type="stmt"/>
        <line num="407" count="1" type="stmt"/>
        <line num="419" count="1" type="stmt"/>
        <line num="421" count="1" type="cond" truecount="1" falsecount="0"/>
        <line num="422" count="6" type="cond" truecount="4" falsecount="0"/>
        <line num="424" count="1" type="stmt"/>
        <line num="429" count="1" type="stmt"/>
        <line num="434" count="1" type="stmt"/>
        <line num="439" count="3" type="stmt"/>
        <line num="443" count="1" type="stmt"/>
        <line num="444" count="1" type="stmt"/>
        <line num="450" count="1" type="stmt"/>
        <line num="452" count="1" type="cond" truecount="1" falsecount="0"/>
        <line num="453" count="5" type="cond" truecount="3" falsecount="0"/>
        <line num="455" count="1" type="stmt"/>
        <line num="459" count="1" type="stmt"/>
        <line num="464" count="3" type="stmt"/>
        <line num="473" count="1" type="stmt"/>
        <line num="474" count="1" type="stmt"/>
        <line num="483" count="1" type="stmt"/>
        <line num="485" count="1" type="cond" truecount="1" falsecount="0"/>
        <line num="486" count="6" type="cond" truecount="4" falsecount="0"/>
        <line num="488" count="1" type="stmt"/>
        <line num="494" count="1" type="stmt"/>
        <line num="500" count="1" type="stmt"/>
        <line num="505" count="3" type="stmt"/>
        <line num="509" count="1" type="stmt"/>
        <line num="510" count="1" type="stmt"/>
        <line num="518" count="1" type="stmt"/>
        <line num="520" count="1" type="cond" truecount="1" falsecount="0"/>
        <line num="521" count="6" type="cond" truecount="4" falsecount="0"/>
        <line num="523" count="1" type="stmt"/>
        <line num="529" count="1" type="stmt"/>
        <line num="534" count="1" type="stmt"/>
        <line num="539" count="3" type="stmt"/>
        <line num="544" count="1" type="stmt"/>
        <line num="545" count="1" type="stmt"/>
        <line num="554" count="1" type="stmt"/>
        <line num="556" count="1" type="stmt"/>
        <line num="557" count="1" type="stmt"/>
        <line num="571" count="1" type="stmt"/>
        <line num="572" count="1" type="cond" truecount="1" falsecount="0"/>
        <line num="573" count="6" type="cond" truecount="4" falsecount="0"/>
        <line num="575" count="1" type="stmt"/>
        <line num="584" count="1" type="stmt"/>
        <line num="591" count="1" type="stmt"/>
        <line num="593" count="3" type="stmt"/>
        <line num="596" count="1" type="cond" truecount="1" falsecount="0"/>
        <line num="597" count="12" type="cond" truecount="10" falsecount="0"/>
        <line num="599" count="1" type="stmt"/>
        <line num="602" count="1" type="stmt"/>
        <line num="611" count="1" type="stmt"/>
        <line num="618" count="1" type="stmt"/>
        <line num="625" count="1" type="stmt"/>
        <line num="632" count="1" type="stmt"/>
        <line num="637" count="1" type="stmt"/>
        <line num="642" count="1" type="stmt"/>
        <line num="647" count="1" type="stmt"/>
        <line num="652" count="3" type="stmt"/>
        <line num="657" count="1" type="stmt"/>
      </file>
    </metrics>
  </project>
</coverage>
