{"/home/ubuntu/project1_frontend/src/reducers/index.js": {"path":"/home/ubuntu/project1_frontend/src/reducers/index.js","statementMap":{"0":{"start":{"line":26,"column":33},"end":{"line":30,"column":1}},"1":{"start":{"line":27,"column":2},"end":{"line":29,"column":3}},"2":{"start":{"line":32,"column":31},"end":{"line":32,"column":52}},"3":{"start":{"line":34,"column":27},"end":{"line":44,"column":1}},"4":{"start":{"line":35,"column":2},"end":{"line":43,"column":3}},"5":{"start":{"line":37,"column":6},"end":{"line":40,"column":7}},"6":{"start":{"line":42,"column":6},"end":{"line":42,"column":18}},"7":{"start":{"line":48,"column":37},"end":{"line":52,"column":1}},"8":{"start":{"line":49,"column":2},"end":{"line":51,"column":3}},"9":{"start":{"line":53,"column":35},"end":{"line":53,"column":60}},"10":{"start":{"line":54,"column":31},"end":{"line":67,"column":1}},"11":{"start":{"line":55,"column":2},"end":{"line":65,"column":3}},"12":{"start":{"line":57,"column":4},"end":{"line":57,"column":36}},"13":{"start":{"line":58,"column":6},"end":{"line":62,"column":8}},"14":{"start":{"line":64,"column":6},"end":{"line":64,"column":18}},"15":{"start":{"line":71,"column":32},"end":{"line":75,"column":1}},"16":{"start":{"line":72,"column":2},"end":{"line":74,"column":3}},"17":{"start":{"line":77,"column":30},"end":{"line":77,"column":50}},"18":{"start":{"line":79,"column":26},"end":{"line":89,"column":1}},"19":{"start":{"line":80,"column":2},"end":{"line":88,"column":3}},"20":{"start":{"line":82,"column":6},"end":{"line":85,"column":8}},"21":{"start":{"line":87,"column":6},"end":{"line":87,"column":18}},"22":{"start":{"line":92,"column":33},"end":{"line":96,"column":1}},"23":{"start":{"line":93,"column":2},"end":{"line":95,"column":3}},"24":{"start":{"line":97,"column":31},"end":{"line":97,"column":52}},"25":{"start":{"line":98,"column":27},"end":{"line":110,"column":1}},"26":{"start":{"line":99,"column":2},"end":{"line":108,"column":3}},"27":{"start":{"line":101,"column":4},"end":{"line":101,"column":33}},"28":{"start":{"line":102,"column":6},"end":{"line":105,"column":8}},"29":{"start":{"line":107,"column":6},"end":{"line":107,"column":18}},"30":{"start":{"line":112,"column":34},"end":{"line":117,"column":1}},"31":{"start":{"line":113,"column":2},"end":{"line":116,"column":3}},"32":{"start":{"line":119,"column":34},"end":{"line":119,"column":56}},"33":{"start":{"line":121,"column":28},"end":{"line":136,"column":1}},"34":{"start":{"line":122,"column":2},"end":{"line":135,"column":3}},"35":{"start":{"line":124,"column":6},"end":{"line":127,"column":8}},"36":{"start":{"line":129,"column":6},"end":{"line":132,"column":8}},"37":{"start":{"line":134,"column":6},"end":{"line":134,"column":18}},"38":{"start":{"line":139,"column":35},"end":{"line":150,"column":1}},"39":{"start":{"line":140,"column":2},"end":{"line":149,"column":3}},"40":{"start":{"line":151,"column":33},"end":{"line":151,"column":56}},"41":{"start":{"line":153,"column":29},"end":{"line":170,"column":1}},"42":{"start":{"line":154,"column":2},"end":{"line":169,"column":3}},"43":{"start":{"line":156,"column":6},"end":{"line":166,"column":10}},"44":{"start":{"line":168,"column":6},"end":{"line":168,"column":18}},"45":{"start":{"line":191,"column":38},"end":{"line":195,"column":1}},"46":{"start":{"line":192,"column":2},"end":{"line":194,"column":3}},"47":{"start":{"line":197,"column":38},"end":{"line":197,"column":64}},"48":{"start":{"line":199,"column":33},"end":{"line":209,"column":1}},"49":{"start":{"line":200,"column":2},"end":{"line":208,"column":3}},"50":{"start":{"line":202,"column":6},"end":{"line":205,"column":8}},"51":{"start":{"line":207,"column":6},"end":{"line":207,"column":18}},"52":{"start":{"line":213,"column":39},"end":{"line":217,"column":1}},"53":{"start":{"line":214,"column":2},"end":{"line":216,"column":3}},"54":{"start":{"line":219,"column":39},"end":{"line":219,"column":66}},"55":{"start":{"line":221,"column":34},"end":{"line":231,"column":1}},"56":{"start":{"line":222,"column":2},"end":{"line":230,"column":3}},"57":{"start":{"line":224,"column":6},"end":{"line":227,"column":8}},"58":{"start":{"line":229,"column":6},"end":{"line":229,"column":18}},"59":{"start":{"line":235,"column":37},"end":{"line":239,"column":1}},"60":{"start":{"line":236,"column":2},"end":{"line":238,"column":3}},"61":{"start":{"line":241,"column":35},"end":{"line":241,"column":60}},"62":{"start":{"line":243,"column":32},"end":{"line":253,"column":1}},"63":{"start":{"line":244,"column":2},"end":{"line":252,"column":3}},"64":{"start":{"line":246,"column":6},"end":{"line":249,"column":8}},"65":{"start":{"line":251,"column":6},"end":{"line":251,"column":18}},"66":{"start":{"line":256,"column":35},"end":{"line":268,"column":1}},"67":{"start":{"line":257,"column":14},"end":{"line":267,"column":3}},"68":{"start":{"line":269,"column":33},"end":{"line":269,"column":56}},"69":{"start":{"line":271,"column":39},"end":{"line":292,"column":1}},"70":{"start":{"line":272,"column":2},"end":{"line":291,"column":3}},"71":{"start":{"line":294,"column":37},"end":{"line":294,"column":64}},"72":{"start":{"line":298,"column":38},"end":{"line":309,"column":1}},"73":{"start":{"line":301,"column":2},"end":{"line":303,"column":3}},"74":{"start":{"line":302,"column":4},"end":{"line":302,"column":18}},"75":{"start":{"line":304,"column":2},"end":{"line":307,"column":3}},"76":{"start":{"line":311,"column":35},"end":{"line":321,"column":1}},"77":{"start":{"line":313,"column":4},"end":{"line":315,"column":5}},"78":{"start":{"line":314,"column":6},"end":{"line":314,"column":20}},"79":{"start":{"line":316,"column":4},"end":{"line":319,"column":5}},"80":{"start":{"line":322,"column":36},"end":{"line":330,"column":1}},"81":{"start":{"line":323,"column":2},"end":{"line":325,"column":3}},"82":{"start":{"line":324,"column":4},"end":{"line":324,"column":18}},"83":{"start":{"line":326,"column":2},"end":{"line":329,"column":3}},"84":{"start":{"line":331,"column":49},"end":{"line":340,"column":1}},"85":{"start":{"line":332,"column":2},"end":{"line":334,"column":3}},"86":{"start":{"line":333,"column":4},"end":{"line":333,"column":18}},"87":{"start":{"line":335,"column":2},"end":{"line":339,"column":4}},"88":{"start":{"line":338,"column":6},"end":{"line":338,"column":37}},"89":{"start":{"line":341,"column":37},"end":{"line":346,"column":1}},"90":{"start":{"line":342,"column":2},"end":{"line":344,"column":3}},"91":{"start":{"line":343,"column":4},"end":{"line":343,"column":18}},"92":{"start":{"line":345,"column":2},"end":{"line":345,"column":23}},"93":{"start":{"line":347,"column":34},"end":{"line":393,"column":1}},"94":{"start":{"line":348,"column":2},"end":{"line":392,"column":3}},"95":{"start":{"line":350,"column":6},"end":{"line":353,"column":7}},"96":{"start":{"line":355,"column":6},"end":{"line":358,"column":8}},"97":{"start":{"line":360,"column":6},"end":{"line":360,"column":38}},"98":{"start":{"line":361,"column":6},"end":{"line":364,"column":8}},"99":{"start":{"line":366,"column":6},"end":{"line":370,"column":8}},"100":{"start":{"line":369,"column":8},"end":{"line":369,"column":41}},"101":{"start":{"line":372,"column":6},"end":{"line":377,"column":9}},"102":{"start":{"line":373,"column":6},"end":{"line":377,"column":9}},"103":{"start":{"line":376,"column":9},"end":{"line":376,"column":39}},"104":{"start":{"line":378,"column":6},"end":{"line":382,"column":9}},"105":{"start":{"line":381,"column":9},"end":{"line":381,"column":52}},"106":{"start":{"line":384,"column":7},"end":{"line":389,"column":8}},"107":{"start":{"line":387,"column":11},"end":{"line":387,"column":44}},"108":{"start":{"line":391,"column":6},"end":{"line":391,"column":18}},"109":{"start":{"line":395,"column":29},"end":{"line":400,"column":1}},"110":{"start":{"line":396,"column":2},"end":{"line":399,"column":3}},"111":{"start":{"line":398,"column":6},"end":{"line":398,"column":18}},"112":{"start":{"line":406,"column":35},"end":{"line":416,"column":1}},"113":{"start":{"line":407,"column":2},"end":{"line":415,"column":3}},"114":{"start":{"line":419,"column":33},"end":{"line":419,"column":56}},"115":{"start":{"line":421,"column":29},"end":{"line":441,"column":1}},"116":{"start":{"line":422,"column":2},"end":{"line":440,"column":3}},"117":{"start":{"line":424,"column":6},"end":{"line":427,"column":7}},"118":{"start":{"line":429,"column":6},"end":{"line":432,"column":7}},"119":{"start":{"line":434,"column":6},"end":{"line":437,"column":7}},"120":{"start":{"line":439,"column":6},"end":{"line":439,"column":18}},"121":{"start":{"line":443,"column":32},"end":{"line":448,"column":1}},"122":{"start":{"line":444,"column":2},"end":{"line":447,"column":3}},"123":{"start":{"line":450,"column":30},"end":{"line":450,"column":50}},"124":{"start":{"line":452,"column":26},"end":{"line":466,"column":1}},"125":{"start":{"line":453,"column":2},"end":{"line":465,"column":3}},"126":{"start":{"line":455,"column":6},"end":{"line":457,"column":7}},"127":{"start":{"line":459,"column":6},"end":{"line":462,"column":7}},"128":{"start":{"line":464,"column":6},"end":{"line":464,"column":18}},"129":{"start":{"line":473,"column":32},"end":{"line":481,"column":1}},"130":{"start":{"line":474,"column":2},"end":{"line":480,"column":4}},"131":{"start":{"line":483,"column":30},"end":{"line":483,"column":50}},"132":{"start":{"line":485,"column":26},"end":{"line":507,"column":1}},"133":{"start":{"line":486,"column":2},"end":{"line":506,"column":3}},"134":{"start":{"line":488,"column":6},"end":{"line":492,"column":8}},"135":{"start":{"line":494,"column":6},"end":{"line":498,"column":8}},"136":{"start":{"line":500,"column":6},"end":{"line":503,"column":8}},"137":{"start":{"line":505,"column":6},"end":{"line":505,"column":18}},"138":{"start":{"line":509,"column":36},"end":{"line":516,"column":1}},"139":{"start":{"line":510,"column":2},"end":{"line":515,"column":4}},"140":{"start":{"line":518,"column":34},"end":{"line":518,"column":58}},"141":{"start":{"line":520,"column":30},"end":{"line":541,"column":1}},"142":{"start":{"line":521,"column":2},"end":{"line":540,"column":3}},"143":{"start":{"line":523,"column":6},"end":{"line":527,"column":7}},"144":{"start":{"line":529,"column":6},"end":{"line":532,"column":7}},"145":{"start":{"line":534,"column":6},"end":{"line":537,"column":7}},"146":{"start":{"line":539,"column":6},"end":{"line":539,"column":18}},"147":{"start":{"line":544,"column":33},"end":{"line":552,"column":1}},"148":{"start":{"line":545,"column":2},"end":{"line":551,"column":4}},"149":{"start":{"line":554,"column":31},"end":{"line":554,"column":52}},"150":{"start":{"line":556,"column":36},"end":{"line":570,"column":1}},"151":{"start":{"line":557,"column":2},"end":{"line":569,"column":2}},"152":{"start":{"line":571,"column":34},"end":{"line":571,"column":58}},"153":{"start":{"line":572,"column":27},"end":{"line":595,"column":1}},"154":{"start":{"line":573,"column":2},"end":{"line":594,"column":3}},"155":{"start":{"line":575,"column":4},"end":{"line":582,"column":5}},"156":{"start":{"line":584,"column":4},"end":{"line":589,"column":5}},"157":{"start":{"line":591,"column":4},"end":{"line":591,"column":29}},"158":{"start":{"line":593,"column":6},"end":{"line":593,"column":18}},"159":{"start":{"line":596,"column":30},"end":{"line":655,"column":1}},"160":{"start":{"line":597,"column":2},"end":{"line":654,"column":3}},"161":{"start":{"line":599,"column":4},"end":{"line":599,"column":32}},"162":{"start":{"line":602,"column":4},"end":{"line":609,"column":5}},"163":{"start":{"line":611,"column":4},"end":{"line":616,"column":5}},"164":{"start":{"line":618,"column":4},"end":{"line":623,"column":5}},"165":{"start":{"line":625,"column":4},"end":{"line":630,"column":5}},"166":{"start":{"line":632,"column":4},"end":{"line":635,"column":5}},"167":{"start":{"line":637,"column":4},"end":{"line":640,"column":5}},"168":{"start":{"line":642,"column":4},"end":{"line":645,"column":5}},"169":{"start":{"line":647,"column":4},"end":{"line":650,"column":5}},"170":{"start":{"line":652,"column":4},"end":{"line":652,"column":16}},"171":{"start":{"line":657,"column":25},"end":{"line":674,"column":2}}},"fnMap":{"0":{"name":"(anonymous_0)","decl":{"start":{"line":26,"column":33},"end":{"line":26,"column":34}},"loc":{"start":{"line":26,"column":37},"end":{"line":30,"column":1}},"line":26},"1":{"name":"(anonymous_1)","decl":{"start":{"line":34,"column":27},"end":{"line":34,"column":28}},"loc":{"start":{"line":34,"column":62},"end":{"line":44,"column":1}},"line":34},"2":{"name":"(anonymous_2)","decl":{"start":{"line":48,"column":37},"end":{"line":48,"column":38}},"loc":{"start":{"line":48,"column":41},"end":{"line":52,"column":1}},"line":48},"3":{"name":"(anonymous_3)","decl":{"start":{"line":54,"column":31},"end":{"line":54,"column":32}},"loc":{"start":{"line":54,"column":70},"end":{"line":67,"column":1}},"line":54},"4":{"name":"(anonymous_4)","decl":{"start":{"line":71,"column":32},"end":{"line":71,"column":33}},"loc":{"start":{"line":71,"column":36},"end":{"line":75,"column":1}},"line":71},"5":{"name":"(anonymous_5)","decl":{"start":{"line":79,"column":26},"end":{"line":79,"column":27}},"loc":{"start":{"line":79,"column":60},"end":{"line":89,"column":1}},"line":79},"6":{"name":"(anonymous_6)","decl":{"start":{"line":92,"column":33},"end":{"line":92,"column":34}},"loc":{"start":{"line":92,"column":37},"end":{"line":96,"column":1}},"line":92},"7":{"name":"(anonymous_7)","decl":{"start":{"line":98,"column":27},"end":{"line":98,"column":28}},"loc":{"start":{"line":98,"column":62},"end":{"line":110,"column":1}},"line":98},"8":{"name":"(anonymous_8)","decl":{"start":{"line":112,"column":34},"end":{"line":112,"column":35}},"loc":{"start":{"line":112,"column":38},"end":{"line":117,"column":1}},"line":112},"9":{"name":"(anonymous_9)","decl":{"start":{"line":121,"column":28},"end":{"line":121,"column":29}},"loc":{"start":{"line":121,"column":64},"end":{"line":136,"column":1}},"line":121},"10":{"name":"(anonymous_10)","decl":{"start":{"line":139,"column":35},"end":{"line":139,"column":36}},"loc":{"start":{"line":139,"column":39},"end":{"line":150,"column":1}},"line":139},"11":{"name":"(anonymous_11)","decl":{"start":{"line":153,"column":29},"end":{"line":153,"column":30}},"loc":{"start":{"line":153,"column":66},"end":{"line":170,"column":1}},"line":153},"12":{"name":"(anonymous_12)","decl":{"start":{"line":191,"column":38},"end":{"line":191,"column":39}},"loc":{"start":{"line":191,"column":42},"end":{"line":195,"column":1}},"line":191},"13":{"name":"(anonymous_13)","decl":{"start":{"line":199,"column":33},"end":{"line":199,"column":34}},"loc":{"start":{"line":199,"column":73},"end":{"line":209,"column":1}},"line":199},"14":{"name":"(anonymous_14)","decl":{"start":{"line":213,"column":39},"end":{"line":213,"column":40}},"loc":{"start":{"line":213,"column":43},"end":{"line":217,"column":1}},"line":213},"15":{"name":"(anonymous_15)","decl":{"start":{"line":221,"column":34},"end":{"line":221,"column":35}},"loc":{"start":{"line":221,"column":75},"end":{"line":231,"column":1}},"line":221},"16":{"name":"(anonymous_16)","decl":{"start":{"line":235,"column":37},"end":{"line":235,"column":38}},"loc":{"start":{"line":235,"column":41},"end":{"line":239,"column":1}},"line":235},"17":{"name":"(anonymous_17)","decl":{"start":{"line":243,"column":32},"end":{"line":243,"column":33}},"loc":{"start":{"line":243,"column":71},"end":{"line":253,"column":1}},"line":243},"18":{"name":"(anonymous_18)","decl":{"start":{"line":256,"column":35},"end":{"line":256,"column":36}},"loc":{"start":{"line":256,"column":39},"end":{"line":268,"column":1}},"line":256},"19":{"name":"(anonymous_19)","decl":{"start":{"line":271,"column":39},"end":{"line":271,"column":40}},"loc":{"start":{"line":271,"column":43},"end":{"line":292,"column":1}},"line":271},"20":{"name":"(anonymous_20)","decl":{"start":{"line":298,"column":38},"end":{"line":298,"column":39}},"loc":{"start":{"line":298,"column":57},"end":{"line":309,"column":1}},"line":298},"21":{"name":"(anonymous_21)","decl":{"start":{"line":311,"column":35},"end":{"line":311,"column":36}},"loc":{"start":{"line":311,"column":55},"end":{"line":321,"column":1}},"line":311},"22":{"name":"(anonymous_22)","decl":{"start":{"line":322,"column":36},"end":{"line":322,"column":37}},"loc":{"start":{"line":322,"column":56},"end":{"line":330,"column":1}},"line":322},"23":{"name":"(anonymous_23)","decl":{"start":{"line":331,"column":49},"end":{"line":331,"column":50}},"loc":{"start":{"line":331,"column":69},"end":{"line":340,"column":1}},"line":331},"24":{"name":"(anonymous_24)","decl":{"start":{"line":337,"column":44},"end":{"line":337,"column":45}},"loc":{"start":{"line":338,"column":6},"end":{"line":338,"column":37}},"line":338},"25":{"name":"(anonymous_25)","decl":{"start":{"line":341,"column":37},"end":{"line":341,"column":38}},"loc":{"start":{"line":341,"column":56},"end":{"line":346,"column":1}},"line":341},"26":{"name":"(anonymous_26)","decl":{"start":{"line":347,"column":34},"end":{"line":347,"column":35}},"loc":{"start":{"line":347,"column":75},"end":{"line":393,"column":1}},"line":347},"27":{"name":"(anonymous_27)","decl":{"start":{"line":368,"column":45},"end":{"line":368,"column":46}},"loc":{"start":{"line":369,"column":8},"end":{"line":369,"column":41}},"line":369},"28":{"name":"(anonymous_28)","decl":{"start":{"line":375,"column":46},"end":{"line":375,"column":47}},"loc":{"start":{"line":376,"column":9},"end":{"line":376,"column":39}},"line":376},"29":{"name":"(anonymous_29)","decl":{"start":{"line":380,"column":46},"end":{"line":380,"column":47}},"loc":{"start":{"line":381,"column":9},"end":{"line":381,"column":52}},"line":381},"30":{"name":"(anonymous_30)","decl":{"start":{"line":386,"column":46},"end":{"line":386,"column":47}},"loc":{"start":{"line":387,"column":11},"end":{"line":387,"column":44}},"line":387},"31":{"name":"(anonymous_31)","decl":{"start":{"line":395,"column":29},"end":{"line":395,"column":30}},"loc":{"start":{"line":395,"column":66},"end":{"line":400,"column":1}},"line":395},"32":{"name":"(anonymous_32)","decl":{"start":{"line":406,"column":35},"end":{"line":406,"column":36}},"loc":{"start":{"line":406,"column":39},"end":{"line":416,"column":1}},"line":406},"33":{"name":"(anonymous_33)","decl":{"start":{"line":421,"column":29},"end":{"line":421,"column":30}},"loc":{"start":{"line":421,"column":66},"end":{"line":441,"column":1}},"line":421},"34":{"name":"(anonymous_34)","decl":{"start":{"line":443,"column":32},"end":{"line":443,"column":33}},"loc":{"start":{"line":443,"column":36},"end":{"line":448,"column":1}},"line":443},"35":{"name":"(anonymous_35)","decl":{"start":{"line":452,"column":26},"end":{"line":452,"column":27}},"loc":{"start":{"line":452,"column":59},"end":{"line":466,"column":1}},"line":452},"36":{"name":"(anonymous_36)","decl":{"start":{"line":473,"column":32},"end":{"line":473,"column":33}},"loc":{"start":{"line":473,"column":36},"end":{"line":481,"column":1}},"line":473},"37":{"name":"(anonymous_37)","decl":{"start":{"line":485,"column":26},"end":{"line":485,"column":27}},"loc":{"start":{"line":485,"column":60},"end":{"line":507,"column":1}},"line":485},"38":{"name":"(anonymous_38)","decl":{"start":{"line":509,"column":36},"end":{"line":509,"column":37}},"loc":{"start":{"line":509,"column":40},"end":{"line":516,"column":1}},"line":509},"39":{"name":"(anonymous_39)","decl":{"start":{"line":520,"column":30},"end":{"line":520,"column":31}},"loc":{"start":{"line":520,"column":68},"end":{"line":541,"column":1}},"line":520},"40":{"name":"(anonymous_40)","decl":{"start":{"line":544,"column":33},"end":{"line":544,"column":34}},"loc":{"start":{"line":544,"column":37},"end":{"line":552,"column":1}},"line":544},"41":{"name":"(anonymous_41)","decl":{"start":{"line":556,"column":36},"end":{"line":556,"column":37}},"loc":{"start":{"line":556,"column":40},"end":{"line":570,"column":1}},"line":556},"42":{"name":"(anonymous_42)","decl":{"start":{"line":572,"column":27},"end":{"line":572,"column":28}},"loc":{"start":{"line":572,"column":62},"end":{"line":595,"column":1}},"line":572},"43":{"name":"(anonymous_43)","decl":{"start":{"line":596,"column":30},"end":{"line":596,"column":31}},"loc":{"start":{"line":596,"column":68},"end":{"line":655,"column":1}},"line":596}},"branchMap":{"0":{"loc":{"start":{"line":34,"column":28},"end":{"line":34,"column":51}},"type":"default-arg","locations":[{"start":{"line":34,"column":34},"end":{"line":34,"column":51}}],"line":34},"1":{"loc":{"start":{"line":35,"column":2},"end":{"line":43,"column":3}},"type":"switch","locations":[{"start":{"line":36,"column":4},"end":{"line":40,"column":7}},{"start":{"line":41,"column":4},"end":{"line":42,"column":18}}],"line":35},"2":{"loc":{"start":{"line":54,"column":32},"end":{"line":54,"column":59}},"type":"default-arg","locations":[{"start":{"line":54,"column":38},"end":{"line":54,"column":59}}],"line":54},"3":{"loc":{"start":{"line":55,"column":2},"end":{"line":65,"column":3}},"type":"switch","locations":[{"start":{"line":56,"column":4},"end":{"line":62,"column":8}},{"start":{"line":63,"column":4},"end":{"line":64,"column":18}}],"line":55},"4":{"loc":{"start":{"line":79,"column":27},"end":{"line":79,"column":49}},"type":"default-arg","locations":[{"start":{"line":79,"column":33},"end":{"line":79,"column":49}}],"line":79},"5":{"loc":{"start":{"line":80,"column":2},"end":{"line":88,"column":3}},"type":"switch","locations":[{"start":{"line":81,"column":4},"end":{"line":85,"column":8}},{"start":{"line":86,"column":4},"end":{"line":87,"column":18}}],"line":80},"6":{"loc":{"start":{"line":98,"column":28},"end":{"line":98,"column":51}},"type":"default-arg","locations":[{"start":{"line":98,"column":34},"end":{"line":98,"column":51}}],"line":98},"7":{"loc":{"start":{"line":99,"column":2},"end":{"line":108,"column":3}},"type":"switch","locations":[{"start":{"line":100,"column":4},"end":{"line":105,"column":8}},{"start":{"line":106,"column":4},"end":{"line":107,"column":18}}],"line":99},"8":{"loc":{"start":{"line":121,"column":29},"end":{"line":121,"column":53}},"type":"default-arg","locations":[{"start":{"line":121,"column":35},"end":{"line":121,"column":53}}],"line":121},"9":{"loc":{"start":{"line":122,"column":2},"end":{"line":135,"column":3}},"type":"switch","locations":[{"start":{"line":123,"column":4},"end":{"line":127,"column":8}},{"start":{"line":128,"column":4},"end":{"line":132,"column":8}},{"start":{"line":133,"column":4},"end":{"line":134,"column":18}}],"line":122},"10":{"loc":{"start":{"line":153,"column":30},"end":{"line":153,"column":55}},"type":"default-arg","locations":[{"start":{"line":153,"column":36},"end":{"line":153,"column":55}}],"line":153},"11":{"loc":{"start":{"line":154,"column":2},"end":{"line":169,"column":3}},"type":"switch","locations":[{"start":{"line":155,"column":4},"end":{"line":166,"column":10}},{"start":{"line":167,"column":4},"end":{"line":168,"column":18}}],"line":154},"12":{"loc":{"start":{"line":199,"column":34},"end":{"line":199,"column":62}},"type":"default-arg","locations":[{"start":{"line":199,"column":40},"end":{"line":199,"column":62}}],"line":199},"13":{"loc":{"start":{"line":200,"column":2},"end":{"line":208,"column":3}},"type":"switch","locations":[{"start":{"line":201,"column":4},"end":{"line":205,"column":8}},{"start":{"line":206,"column":4},"end":{"line":207,"column":18}}],"line":200},"14":{"loc":{"start":{"line":221,"column":35},"end":{"line":221,"column":64}},"type":"default-arg","locations":[{"start":{"line":221,"column":41},"end":{"line":221,"column":64}}],"line":221},"15":{"loc":{"start":{"line":222,"column":2},"end":{"line":230,"column":3}},"type":"switch","locations":[{"start":{"line":223,"column":4},"end":{"line":227,"column":8}},{"start":{"line":228,"column":4},"end":{"line":229,"column":18}}],"line":222},"16":{"loc":{"start":{"line":243,"column":33},"end":{"line":243,"column":60}},"type":"default-arg","locations":[{"start":{"line":243,"column":39},"end":{"line":243,"column":60}}],"line":243},"17":{"loc":{"start":{"line":244,"column":2},"end":{"line":252,"column":3}},"type":"switch","locations":[{"start":{"line":245,"column":4},"end":{"line":249,"column":8}},{"start":{"line":250,"column":4},"end":{"line":251,"column":18}}],"line":244},"18":{"loc":{"start":{"line":301,"column":2},"end":{"line":303,"column":3}},"type":"if","locations":[{"start":{"line":301,"column":2},"end":{"line":303,"column":3}},{"start":{"line":301,"column":2},"end":{"line":303,"column":3}}],"line":301},"19":{"loc":{"start":{"line":313,"column":4},"end":{"line":315,"column":5}},"type":"if","locations":[{"start":{"line":313,"column":4},"end":{"line":315,"column":5}},{"start":{"line":313,"column":4},"end":{"line":315,"column":5}}],"line":313},"20":{"loc":{"start":{"line":323,"column":2},"end":{"line":325,"column":3}},"type":"if","locations":[{"start":{"line":323,"column":2},"end":{"line":325,"column":3}},{"start":{"line":323,"column":2},"end":{"line":325,"column":3}}],"line":323},"21":{"loc":{"start":{"line":332,"column":2},"end":{"line":334,"column":3}},"type":"if","locations":[{"start":{"line":332,"column":2},"end":{"line":334,"column":3}},{"start":{"line":332,"column":2},"end":{"line":334,"column":3}}],"line":332},"22":{"loc":{"start":{"line":342,"column":2},"end":{"line":344,"column":3}},"type":"if","locations":[{"start":{"line":342,"column":2},"end":{"line":344,"column":3}},{"start":{"line":342,"column":2},"end":{"line":344,"column":3}}],"line":342},"23":{"loc":{"start":{"line":347,"column":35},"end":{"line":347,"column":64}},"type":"default-arg","locations":[{"start":{"line":347,"column":41},"end":{"line":347,"column":64}}],"line":347},"24":{"loc":{"start":{"line":348,"column":2},"end":{"line":392,"column":3}},"type":"switch","locations":[{"start":{"line":349,"column":4},"end":{"line":353,"column":7}},{"start":{"line":354,"column":4},"end":{"line":358,"column":8}},{"start":{"line":359,"column":4},"end":{"line":364,"column":8}},{"start":{"line":365,"column":4},"end":{"line":370,"column":8}},{"start":{"line":371,"column":4},"end":{"line":382,"column":9}},{"start":{"line":383,"column":4},"end":{"line":389,"column":8}},{"start":{"line":390,"column":4},"end":{"line":391,"column":18}}],"line":348},"25":{"loc":{"start":{"line":372,"column":6},"end":{"line":377,"column":9}},"type":"if","locations":[{"start":{"line":372,"column":6},"end":{"line":377,"column":9}},{"start":{"line":372,"column":6},"end":{"line":377,"column":9}}],"line":372},"26":{"loc":{"start":{"line":395,"column":30},"end":{"line":395,"column":55}},"type":"default-arg","locations":[{"start":{"line":395,"column":36},"end":{"line":395,"column":55}}],"line":395},"27":{"loc":{"start":{"line":396,"column":2},"end":{"line":399,"column":3}},"type":"switch","locations":[{"start":{"line":397,"column":4},"end":{"line":398,"column":18}}],"line":396},"28":{"loc":{"start":{"line":421,"column":30},"end":{"line":421,"column":55}},"type":"default-arg","locations":[{"start":{"line":421,"column":36},"end":{"line":421,"column":55}}],"line":421},"29":{"loc":{"start":{"line":422,"column":2},"end":{"line":440,"column":3}},"type":"switch","locations":[{"start":{"line":423,"column":4},"end":{"line":427,"column":7}},{"start":{"line":428,"column":4},"end":{"line":432,"column":7}},{"start":{"line":433,"column":4},"end":{"line":437,"column":7}},{"start":{"line":438,"column":4},"end":{"line":439,"column":18}}],"line":422},"30":{"loc":{"start":{"line":452,"column":27},"end":{"line":452,"column":49}},"type":"default-arg","locations":[{"start":{"line":452,"column":33},"end":{"line":452,"column":49}}],"line":452},"31":{"loc":{"start":{"line":453,"column":2},"end":{"line":465,"column":3}},"type":"switch","locations":[{"start":{"line":454,"column":4},"end":{"line":457,"column":7}},{"start":{"line":458,"column":4},"end":{"line":462,"column":7}},{"start":{"line":463,"column":4},"end":{"line":464,"column":18}}],"line":453},"32":{"loc":{"start":{"line":485,"column":27},"end":{"line":485,"column":49}},"type":"default-arg","locations":[{"start":{"line":485,"column":33},"end":{"line":485,"column":49}}],"line":485},"33":{"loc":{"start":{"line":486,"column":2},"end":{"line":506,"column":3}},"type":"switch","locations":[{"start":{"line":487,"column":4},"end":{"line":492,"column":8}},{"start":{"line":493,"column":4},"end":{"line":498,"column":8}},{"start":{"line":499,"column":4},"end":{"line":503,"column":8}},{"start":{"line":504,"column":4},"end":{"line":505,"column":18}}],"line":486},"34":{"loc":{"start":{"line":520,"column":31},"end":{"line":520,"column":57}},"type":"default-arg","locations":[{"start":{"line":520,"column":37},"end":{"line":520,"column":57}}],"line":520},"35":{"loc":{"start":{"line":521,"column":2},"end":{"line":540,"column":3}},"type":"switch","locations":[{"start":{"line":522,"column":4},"end":{"line":527,"column":7}},{"start":{"line":528,"column":4},"end":{"line":532,"column":7}},{"start":{"line":533,"column":4},"end":{"line":537,"column":7}},{"start":{"line":538,"column":4},"end":{"line":539,"column":18}}],"line":521},"36":{"loc":{"start":{"line":572,"column":28},"end":{"line":572,"column":51}},"type":"default-arg","locations":[{"start":{"line":572,"column":34},"end":{"line":572,"column":51}}],"line":572},"37":{"loc":{"start":{"line":573,"column":2},"end":{"line":594,"column":3}},"type":"switch","locations":[{"start":{"line":574,"column":4},"end":{"line":582,"column":5}},{"start":{"line":583,"column":4},"end":{"line":589,"column":5}},{"start":{"line":590,"column":4},"end":{"line":591,"column":29}},{"start":{"line":592,"column":4},"end":{"line":593,"column":18}}],"line":573},"38":{"loc":{"start":{"line":596,"column":31},"end":{"line":596,"column":57}},"type":"default-arg","locations":[{"start":{"line":596,"column":37},"end":{"line":596,"column":57}}],"line":596},"39":{"loc":{"start":{"line":597,"column":2},"end":{"line":654,"column":3}},"type":"switch","locations":[{"start":{"line":598,"column":4},"end":{"line":599,"column":32}},{"start":{"line":601,"column":4},"end":{"line":609,"column":5}},{"start":{"line":610,"column":4},"end":{"line":616,"column":5}},{"start":{"line":617,"column":4},"end":{"line":623,"column":5}},{"start":{"line":624,"column":4},"end":{"line":630,"column":5}},{"start":{"line":631,"column":4},"end":{"line":635,"column":5}},{"start":{"line":636,"column":4},"end":{"line":640,"column":5}},{"start":{"line":641,"column":4},"end":{"line":645,"column":5}},{"start":{"line":646,"column":4},"end":{"line":650,"column":5}},{"start":{"line":651,"column":4},"end":{"line":652,"column":16}}],"line":597}},"s":{"0":1,"1":1,"2":1,"3":1,"4":4,"5":1,"6":3,"7":1,"8":1,"9":1,"10":1,"11":4,"12":1,"13":1,"14":3,"15":1,"16":1,"17":1,"18":1,"19":4,"20":1,"21":3,"22":1,"23":1,"24":1,"25":1,"26":4,"27":1,"28":1,"29":3,"30":1,"31":1,"32":1,"33":1,"34":5,"35":1,"36":1,"37":3,"38":1,"39":1,"40":1,"41":1,"42":4,"43":1,"44":3,"45":1,"46":1,"47":1,"48":1,"49":4,"50":1,"51":3,"52":1,"53":1,"54":1,"55":1,"56":4,"57":1,"58":3,"59":1,"60":1,"61":1,"62":1,"63":4,"64":1,"65":3,"66":1,"67":1,"68":1,"69":1,"70":1,"71":1,"72":1,"73":0,"74":0,"75":0,"76":1,"77":0,"78":0,"79":0,"80":1,"81":0,"82":0,"83":0,"84":1,"85":0,"86":0,"87":0,"88":0,"89":1,"90":0,"91":0,"92":0,"93":1,"94":6,"95":1,"96":1,"97":1,"98":1,"99":0,"100":0,"101":0,"102":0,"103":0,"104":0,"105":0,"106":0,"107":0,"108":3,"109":1,"110":0,"111":0,"112":1,"113":1,"114":1,"115":1,"116":6,"117":1,"118":1,"119":1,"120":3,"121":1,"122":1,"123":1,"124":1,"125":5,"126":1,"127":1,"128":3,"129":1,"130":1,"131":1,"132":1,"133":6,"134":1,"135":1,"136":1,"137":3,"138":1,"139":1,"140":1,"141":1,"142":6,"143":1,"144":1,"145":1,"146":3,"147":1,"148":1,"149":1,"150":1,"151":1,"152":1,"153":1,"154":6,"155":1,"156":1,"157":1,"158":3,"159":1,"160":12,"161":1,"162":1,"163":1,"164":1,"165":1,"166":1,"167":1,"168":1,"169":1,"170":3,"171":1},"f":{"0":1,"1":4,"2":1,"3":4,"4":1,"5":4,"6":1,"7":4,"8":1,"9":5,"10":1,"11":4,"12":1,"13":4,"14":1,"15":4,"16":1,"17":4,"18":1,"19":1,"20":0,"21":0,"22":0,"23":0,"24":0,"25":0,"26":6,"27":0,"28":0,"29":0,"30":0,"31":0,"32":1,"33":6,"34":1,"35":5,"36":1,"37":6,"38":1,"39":6,"40":1,"41":1,"42":6,"43":12},"b":{"0":[2],"1":[1,3],"2":[2],"3":[1,3],"4":[2],"5":[1,3],"6":[2],"7":[1,3],"8":[2],"9":[1,1,3],"10":[2],"11":[1,3],"12":[2],"13":[1,3],"14":[2],"15":[1,3],"16":[2],"17":[1,3],"18":[0,0],"19":[0,0],"20":[0,0],"21":[0,0],"22":[0,0],"23":[2],"24":[1,1,1,0,0,0,3],"25":[0,0],"26":[0],"27":[0],"28":[2],"29":[1,1,1,3],"30":[2],"31":[1,1,3],"32":[2],"33":[1,1,1,3],"34":[2],"35":[1,1,1,3],"36":[2],"37":[1,1,1,3],"38":[2],"39":[1,1,1,1,1,1,1,1,1,3]},"_coverageSchema":"332fd63041d2c1bcb487cc26dd0d5f7d97098a6c","hash":"b8adf75f2ec8093bc89225381834437163276d24"}
}
