TN:
SF:/home/ubuntu/project1_frontend/src/reducers/index.js
FN:26,(anonymous_0)
FN:34,(anonymous_1)
FN:48,(anonymous_2)
FN:54,(anonymous_3)
FN:71,(anonymous_4)
FN:79,(anonymous_5)
FN:92,(anonymous_6)
FN:98,(anonymous_7)
FN:112,(anonymous_8)
FN:121,(anonymous_9)
FN:139,(anonymous_10)
FN:153,(anonymous_11)
FN:191,(anonymous_12)
FN:199,(anonymous_13)
FN:213,(anonymous_14)
FN:221,(anonymous_15)
FN:235,(anonymous_16)
FN:243,(anonymous_17)
FN:256,(anonymous_18)
FN:271,(anonymous_19)
FN:298,(anonymous_20)
FN:311,(anonymous_21)
FN:322,(anonymous_22)
FN:331,(anonymous_23)
FN:337,(anonymous_24)
FN:341,(anonymous_25)
FN:347,(anonymous_26)
FN:368,(anonymous_27)
FN:375,(anonymous_28)
FN:380,(anonymous_29)
FN:386,(anonymous_30)
FN:395,(anonymous_31)
FN:406,(anonymous_32)
FN:421,(anonymous_33)
FN:443,(anonymous_34)
FN:452,(anonymous_35)
FN:473,(anonymous_36)
FN:485,(anonymous_37)
FN:509,(anonymous_38)
FN:520,(anonymous_39)
FN:544,(anonymous_40)
FN:556,(anonymous_41)
FN:572,(anonymous_42)
FN:596,(anonymous_43)
FNF:44
FNH:33
FNDA:1,(anonymous_0)
FNDA:4,(anonymous_1)
FNDA:1,(anonymous_2)
FNDA:4,(anonymous_3)
FNDA:1,(anonymous_4)
FNDA:4,(anonymous_5)
FNDA:1,(anonymous_6)
FNDA:4,(anonymous_7)
FNDA:1,(anonymous_8)
FNDA:5,(anonymous_9)
FNDA:1,(anonymous_10)
FNDA:4,(anonymous_11)
FNDA:1,(anonymous_12)
FNDA:4,(anonymous_13)
FNDA:1,(anonymous_14)
FNDA:4,(anonymous_15)
FNDA:1,(anonymous_16)
FNDA:4,(anonymous_17)
FNDA:1,(anonymous_18)
FNDA:1,(anonymous_19)
FNDA:0,(anonymous_20)
FNDA:0,(anonymous_21)
FNDA:0,(anonymous_22)
FNDA:0,(anonymous_23)
FNDA:0,(anonymous_24)
FNDA:0,(anonymous_25)
FNDA:6,(anonymous_26)
FNDA:0,(anonymous_27)
FNDA:0,(anonymous_28)
FNDA:0,(anonymous_29)
FNDA:0,(anonymous_30)
FNDA:0,(anonymous_31)
FNDA:1,(anonymous_32)
FNDA:6,(anonymous_33)
FNDA:1,(anonymous_34)
FNDA:5,(anonymous_35)
FNDA:1,(anonymous_36)
FNDA:6,(anonymous_37)
FNDA:1,(anonymous_38)
FNDA:6,(anonymous_39)
FNDA:1,(anonymous_40)
FNDA:1,(anonymous_41)
FNDA:6,(anonymous_42)
FNDA:12,(anonymous_43)
DA:26,1
DA:27,1
DA:32,1
DA:34,1
DA:35,4
DA:37,1
DA:42,3
DA:48,1
DA:49,1
DA:53,1
DA:54,1
DA:55,4
DA:57,1
DA:58,1
DA:64,3
DA:71,1
DA:72,1
DA:77,1
DA:79,1
DA:80,4
DA:82,1
DA:87,3
DA:92,1
DA:93,1
DA:97,1
DA:98,1
DA:99,4
DA:101,1
DA:102,1
DA:107,3
DA:112,1
DA:113,1
DA:119,1
DA:121,1
DA:122,5
DA:124,1
DA:129,1
DA:134,3
DA:139,1
DA:140,1
DA:151,1
DA:153,1
DA:154,4
DA:156,1
DA:168,3
DA:191,1
DA:192,1
DA:197,1
DA:199,1
DA:200,4
DA:202,1
DA:207,3
DA:213,1
DA:214,1
DA:219,1
DA:221,1
DA:222,4
DA:224,1
DA:229,3
DA:235,1
DA:236,1
DA:241,1
DA:243,1
DA:244,4
DA:246,1
DA:251,3
DA:256,1
DA:257,1
DA:269,1
DA:271,1
DA:272,1
DA:294,1
DA:298,1
DA:301,0
DA:302,0
DA:304,0
DA:311,1
DA:313,0
DA:314,0
DA:316,0
DA:322,1
DA:323,0
DA:324,0
DA:326,0
DA:331,1
DA:332,0
DA:333,0
DA:335,0
DA:338,0
DA:341,1
DA:342,0
DA:343,0
DA:345,0
DA:347,1
DA:348,6
DA:350,1
DA:355,1
DA:360,1
DA:361,1
DA:366,0
DA:369,0
DA:372,0
DA:373,0
DA:376,0
DA:378,0
DA:381,0
DA:384,0
DA:387,0
DA:391,3
DA:395,1
DA:396,0
DA:398,0
DA:406,1
DA:407,1
DA:419,1
DA:421,1
DA:422,6
DA:424,1
DA:429,1
DA:434,1
DA:439,3
DA:443,1
DA:444,1
DA:450,1
DA:452,1
DA:453,5
DA:455,1
DA:459,1
DA:464,3
DA:473,1
DA:474,1
DA:483,1
DA:485,1
DA:486,6
DA:488,1
DA:494,1
DA:500,1
DA:505,3
DA:509,1
DA:510,1
DA:518,1
DA:520,1
DA:521,6
DA:523,1
DA:529,1
DA:534,1
DA:539,3
DA:544,1
DA:545,1
DA:554,1
DA:556,1
DA:557,1
DA:571,1
DA:572,1
DA:573,6
DA:575,1
DA:584,1
DA:591,1
DA:593,3
DA:596,1
DA:597,12
DA:599,1
DA:602,1
DA:611,1
DA:618,1
DA:625,1
DA:632,1
DA:637,1
DA:642,1
DA:647,1
DA:652,3
DA:657,1
LF:172
LH:145
BRDA:34,0,0,2
BRDA:35,1,0,1
BRDA:35,1,1,3
BRDA:54,2,0,2
BRDA:55,3,0,1
BRDA:55,3,1,3
BRDA:79,4,0,2
BRDA:80,5,0,1
BRDA:80,5,1,3
BRDA:98,6,0,2
BRDA:99,7,0,1
BRDA:99,7,1,3
BRDA:121,8,0,2
BRDA:122,9,0,1
BRDA:122,9,1,1
BRDA:122,9,2,3
BRDA:153,10,0,2
BRDA:154,11,0,1
BRDA:154,11,1,3
BRDA:199,12,0,2
BRDA:200,13,0,1
BRDA:200,13,1,3
BRDA:221,14,0,2
BRDA:222,15,0,1
BRDA:222,15,1,3
BRDA:243,16,0,2
BRDA:244,17,0,1
BRDA:244,17,1,3
BRDA:301,18,0,0
BRDA:301,18,1,0
BRDA:313,19,0,0
BRDA:313,19,1,0
BRDA:323,20,0,0
BRDA:323,20,1,0
BRDA:332,21,0,0
BRDA:332,21,1,0
BRDA:342,22,0,0
BRDA:342,22,1,0
BRDA:347,23,0,2
BRDA:348,24,0,1
BRDA:348,24,1,1
BRDA:348,24,2,1
BRDA:348,24,3,0
BRDA:348,24,4,0
BRDA:348,24,5,0
BRDA:348,24,6,3
BRDA:372,25,0,0
BRDA:372,25,1,0
BRDA:395,26,0,0
BRDA:396,27,0,0
BRDA:421,28,0,2
BRDA:422,29,0,1
BRDA:422,29,1,1
BRDA:422,29,2,1
BRDA:422,29,3,3
BRDA:452,30,0,2
BRDA:453,31,0,1
BRDA:453,31,1,1
BRDA:453,31,2,3
BRDA:485,32,0,2
BRDA:486,33,0,1
BRDA:486,33,1,1
BRDA:486,33,2,1
BRDA:486,33,3,3
BRDA:520,34,0,2
BRDA:521,35,0,1
BRDA:521,35,1,1
BRDA:521,35,2,1
BRDA:521,35,3,3
BRDA:572,36,0,2
BRDA:573,37,0,1
BRDA:573,37,1,1
BRDA:573,37,2,1
BRDA:573,37,3,3
BRDA:596,38,0,2
BRDA:597,39,0,1
BRDA:597,39,1,1
BRDA:597,39,2,1
BRDA:597,39,3,1
BRDA:597,39,4,1
BRDA:597,39,5,1
BRDA:597,39,6,1
BRDA:597,39,7,1
BRDA:597,39,8,1
BRDA:597,39,9,3
BRF:85
BRH:68
end_of_record
